9810 : 2020-04-23 07:30:29,502 : INFO : telemetry.main : Attempt start. Configuration directory [/home/ansiblevm/.azure].
9810 : 2020-04-23 07:30:29,502 : INFO : telemetry.check : Positive: The /home/ansiblevm/.azure/telemetry.txt does not exist.
9810 : 2020-04-23 07:30:29,502 : DEBUG : telemetry.note : acquiring lock
9810 : 2020-04-23 07:30:29,502 : DEBUG : telemetry.note : acquired lock
9810 : 2020-04-23 07:30:29,503 : INFO : telemetry.note : Update the note mtime to 2020-04-23 07:30:29.503031
9810 : 2020-04-23 07:30:29,503 : WARNING : telemetry.note : Fail to parse or read the timestamp 'N/A' in the note file. Set the last send time to minimal. Reason: not readable
9810 : 2020-04-23 07:30:29,503 : INFO : telemetry.records : No cache to be uploaded.
9810 : 2020-04-23 07:30:29,503 : INFO : telemetry.client : Accumulated 0 events. Flush the clients.
9810 : 2020-04-23 07:30:29,503 : INFO : telemetry.note : Update the last send in note to 0001-01-01 00:00:00
9810 : 2020-04-23 07:30:29,503 : INFO : telemetry.note : Update the note mtime to 2020-04-23 07:30:29.503767
11676 : 2020-04-23 07:42:15,866 : INFO : telemetry.main : Attempt start. Configuration directory [/home/ansiblevm/.azure].
11676 : 2020-04-23 07:42:15,867 : INFO : telemetry.check : Returns Positive.
11676 : 2020-04-23 07:42:15,867 : DEBUG : telemetry.note : acquiring lock
11676 : 2020-04-23 07:42:15,867 : DEBUG : telemetry.note : acquired lock
11676 : 2020-04-23 07:42:15,867 : INFO : telemetry.note : Update the note mtime to 2020-04-23 07:42:15.867591
11676 : 2020-04-23 07:42:15,870 : WARNING : telemetry.note : Fail to parse or read the timestamp '1-01-01T00:00:00' in the note file. Set the last send time to minimal. Reason: time data '1-01-01T00:00:00' does not match format '%Y-%m-%dT%H:%M:%S'
11676 : 2020-04-23 07:42:15,870 : INFO : telemetry.records : No cache to be uploaded.
11676 : 2020-04-23 07:42:15,870 : INFO : telemetry.client : Accumulated 0 events. Flush the clients.
11676 : 2020-04-23 07:42:15,870 : INFO : telemetry.note : Update the last send in note to 0001-01-01 00:00:00
11676 : 2020-04-23 07:42:15,870 : INFO : telemetry.note : Update the note mtime to 2020-04-23 07:42:15.870669
14016 : 2020-04-23 08:02:37,247 : INFO : telemetry.main : Attempt start. Configuration directory [/home/ansiblevm/.azure].
14016 : 2020-04-23 08:02:37,248 : INFO : telemetry.check : Returns Positive.
14016 : 2020-04-23 08:02:37,248 : DEBUG : telemetry.note : acquiring lock
14016 : 2020-04-23 08:02:37,248 : DEBUG : telemetry.note : acquired lock
14016 : 2020-04-23 08:02:37,248 : INFO : telemetry.note : Update the note mtime to 2020-04-23 08:02:37.248661
14016 : 2020-04-23 08:02:37,251 : WARNING : telemetry.note : Fail to parse or read the timestamp '1-01-01T00:00:00' in the note file. Set the last send time to minimal. Reason: time data '1-01-01T00:00:00' does not match format '%Y-%m-%dT%H:%M:%S'
14016 : 2020-04-23 08:02:37,251 : INFO : telemetry.records : No cache to be uploaded.
14016 : 2020-04-23 08:02:37,251 : INFO : telemetry.client : Accumulated 0 events. Flush the clients.
14016 : 2020-04-23 08:02:37,251 : INFO : telemetry.note : Update the last send in note to 0001-01-01 00:00:00
14016 : 2020-04-23 08:02:37,251 : INFO : telemetry.note : Update the note mtime to 2020-04-23 08:02:37.251829
16532 : 2020-04-23 08:22:31,488 : INFO : telemetry.main : Attempt start. Configuration directory [/home/ansiblevm/.azure].
16532 : 2020-04-23 08:22:31,488 : INFO : telemetry.check : Returns Positive.
16532 : 2020-04-23 08:22:31,488 : DEBUG : telemetry.note : acquiring lock
16532 : 2020-04-23 08:22:31,488 : DEBUG : telemetry.note : acquired lock
16532 : 2020-04-23 08:22:31,488 : INFO : telemetry.note : Update the note mtime to 2020-04-23 08:22:31.488917
16532 : 2020-04-23 08:22:31,491 : WARNING : telemetry.note : Fail to parse or read the timestamp '1-01-01T00:00:00' in the note file. Set the last send time to minimal. Reason: time data '1-01-01T00:00:00' does not match format '%Y-%m-%dT%H:%M:%S'
16532 : 2020-04-23 08:22:31,491 : INFO : telemetry.records : No cache to be uploaded.
16532 : 2020-04-23 08:22:31,491 : INFO : telemetry.client : Accumulated 0 events. Flush the clients.
16532 : 2020-04-23 08:22:31,491 : INFO : telemetry.note : Update the last send in note to 0001-01-01 00:00:00
16532 : 2020-04-23 08:22:31,491 : INFO : telemetry.note : Update the note mtime to 2020-04-23 08:22:31.491923
28029 : 2020-04-23 11:31:08,114 : INFO : telemetry.main : Attempt start. Configuration directory [/home/ansiblevm/.azure].
28029 : 2020-04-23 11:31:08,114 : INFO : telemetry.check : Returns Positive.
28029 : 2020-04-23 11:31:08,114 : DEBUG : telemetry.note : acquiring lock
28029 : 2020-04-23 11:31:08,114 : DEBUG : telemetry.note : acquired lock
28029 : 2020-04-23 11:31:08,114 : INFO : telemetry.note : Update the note mtime to 2020-04-23 11:31:08.114921
28029 : 2020-04-23 11:31:08,117 : WARNING : telemetry.note : Fail to parse or read the timestamp '1-01-01T00:00:00' in the note file. Set the last send time to minimal. Reason: time data '1-01-01T00:00:00' does not match format '%Y-%m-%dT%H:%M:%S'
28029 : 2020-04-23 11:31:08,117 : INFO : telemetry.records : No cache to be uploaded.
28029 : 2020-04-23 11:31:08,117 : INFO : telemetry.client : Accumulated 0 events. Flush the clients.
28029 : 2020-04-23 11:31:08,117 : INFO : telemetry.note : Update the last send in note to 0001-01-01 00:00:00
28029 : 2020-04-23 11:31:08,118 : INFO : telemetry.note : Update the note mtime to 2020-04-23 11:31:08.118035
